<?xml version="1.0" encoding="UTF-8"?>
<testsuite name="JUnit Jupiter" tests="2" skipped="0" failures="0" errors="0" time="0.045" hostname="DESKTOP-V9DR0C3" timestamp="2021-01-03T14:09:28">
<properties>
<property name="awt.toolkit" value="sun.awt.windows.WToolkit"/>
<property name="file.encoding" value="Cp1252"/>
<property name="file.separator" value="\"/>
<property name="java.awt.graphicsenv" value="sun.awt.Win32GraphicsEnvironment"/>
<property name="java.awt.printerjob" value="sun.awt.windows.WPrinterJob"/>
<property name="java.class.path" value="..\lib\junit-platform-console-standalone-1.7.0-all.jar"/>
<property name="java.class.version" value="55.0"/>
<property name="java.home" value="C:\Program Files\AdoptOpenJDK\jdk-11.0.9.101-hotspot"/>
<property name="java.io.tmpdir" value="C:\Users\mossn\AppData\Local\Temp\"/>
<property name="java.library.path" value="C:\Program Files\AdoptOpenJDK\jdk-11.0.9.101-hotspot\bin;C:\Windows\Sun\Java\bin;C:\Windows\system32;C:\Windows;C:\Program Files\AdoptOpenJDK\jdk-11.0.9.101-hotspot\bin;C:\Windows\system32;C:\Windows;C:\Windows\System32\Wbem;C:\Windows\System32\WindowsPowerShell\v1.0\;C:\Windows\System32\OpenSSH\;C:\Program Files\Git\cmd;C:\Program Files (x86)\NVIDIA Corporation\PhysX\Common;C:\Users\mossn\AppData\Local\Microsoft\WindowsApps;;C:\Users\mossn\AppData\Local\Programs\Microsoft VS Code\bin;C:\Program Files\Inkscape\bin;."/>
<property name="java.runtime.name" value="OpenJDK Runtime Environment"/>
<property name="java.runtime.version" value="11.0.9.1+1"/>
<property name="java.specification.name" value="Java Platform API Specification"/>
<property name="java.specification.vendor" value="Oracle Corporation"/>
<property name="java.specification.version" value="11"/>
<property name="java.vendor" value="AdoptOpenJDK"/>
<property name="java.vendor.url" value="https://adoptopenjdk.net/"/>
<property name="java.vendor.url.bug" value="https://github.com/AdoptOpenJDK/openjdk-support/issues"/>
<property name="java.vendor.version" value="AdoptOpenJDK"/>
<property name="java.version" value="11.0.9.1"/>
<property name="java.version.date" value="2020-11-04"/>
<property name="java.vm.compressedOopsMode" value="Zero based"/>
<property name="java.vm.info" value="mixed mode"/>
<property name="java.vm.name" value="OpenJDK 64-Bit Server VM"/>
<property name="java.vm.specification.name" value="Java Virtual Machine Specification"/>
<property name="java.vm.specification.vendor" value="Oracle Corporation"/>
<property name="java.vm.specification.version" value="11"/>
<property name="java.vm.vendor" value="AdoptOpenJDK"/>
<property name="java.vm.version" value="11.0.9.1+1"/>
<property name="jdk.debug" value="release"/>
<property name="line.separator" value="
"/>
<property name="os.arch" value="amd64"/>
<property name="os.name" value="Windows 10"/>
<property name="os.version" value="10.0"/>
<property name="path.separator" value=";"/>
<property name="sun.arch.data.model" value="64"/>
<property name="sun.boot.library.path" value="C:\Program Files\AdoptOpenJDK\jdk-11.0.9.101-hotspot\bin"/>
<property name="sun.cpu.endian" value="little"/>
<property name="sun.cpu.isalist" value="amd64"/>
<property name="sun.desktop" value="windows"/>
<property name="sun.io.unicode.encoding" value="UnicodeLittle"/>
<property name="sun.java.command" value="..\lib\junit-platform-console-standalone-1.7.0-all.jar -cp . --select-class CarTest --reports-dir=reports"/>
<property name="sun.java.launcher" value="SUN_STANDARD"/>
<property name="sun.jnu.encoding" value="Cp1252"/>
<property name="sun.management.compiler" value="HotSpot 64-Bit Tiered Compilers"/>
<property name="sun.os.patch.level" value=""/>
<property name="sun.stderr.encoding" value="cp437"/>
<property name="sun.stdout.encoding" value="cp437"/>
<property name="user.country" value="US"/>
<property name="user.dir" value="C:\Users\mossn\SourceCode\Test-Automation-Junit-2\Test-Automation-Junit-2\src"/>
<property name="user.home" value="C:\Users\mossn"/>
<property name="user.language" value="en"/>
<property name="user.name" value="mossn"/>
<property name="user.script" value=""/>
<property name="user.timezone" value="America/New_York"/>
<property name="user.variant" value=""/>
</properties>
<testcase name="testModel()" classname="CarTest" time="0.015">
<system-out><![CDATA[
unique-id: [engine:junit-jupiter]/[class:CarTest]/[method:testModel()]
display-name: testModel()
]]></system-out>
</testcase>
<testcase name="testMake()" classname="CarTest" time="0">
<system-out><![CDATA[
unique-id: [engine:junit-jupiter]/[class:CarTest]/[method:testMake()]
display-name: testMake()
]]></system-out>
</testcase>
<system-out><![CDATA[
unique-id: [engine:junit-jupiter]
display-name: JUnit Jupiter
]]></system-out>
</testsuite>
